[35m[Appium][39m Welcome to Appium v1.22.0
[35m[Appium][39m Non-default server args:
[35m[Appium][39m   port: 58006
[35m[Appium][39m   loglevel: info
[35m[Appium][39m   tmpDir: C:\Users\mahfu\AppData\Local\Temp\\Katalon\Appium\Temp1704163057126
[35m[Appium][39m   chromedriverPort: 58007
[35m[Appium][39m Deprecated server args:
[35m[Appium][39m   [31m--chromedriver-port[39m => --default-capabilities
[35m[Appium][39m Default capabilities, which will be added to each request unless overridden by desired capabilities:
[35m[Appium][39m   chromedriverPort: 58007
[35m[Appium][39m Appium REST http interface listener started on 0.0.0.0:58006
[35m[HTTP][39m [37m-->[39m [37mGET[39m [37m/wd/hub/status[39m
[35m[HTTP][39m [90m{}[39m
[35m[HTTP][39m [37m<-- GET /wd/hub/status [39m[32m200[39m [90m3 ms - 68[39m
[35m[HTTP][39m [90m[39m
[35m[HTTP][39m [37m-->[39m [37mGET[39m [37m/wd/hub/status[39m
[35m[HTTP][39m [90m{}[39m
[35m[HTTP][39m [37m<-- GET /wd/hub/status [39m[32m200[39m [90m1 ms - 68[39m
[35m[HTTP][39m [90m[39m
[35m[HTTP][39m [37m-->[39m [37mPOST[39m [37m/wd/hub/session[39m
[35m[HTTP][39m [90m{"desiredCapabilities":{"appPackage":"com.android.settings","deviceId":"RRCT403SG1Y","deviceName":"samsung SM-S908E (Android 13)","platform":"ANDROID","appActivity":".Settings","newCommandTimeout":1800,"platformVersion":"13","automationName":"uiautomator2","autoGrantPermissions":true,"platformName":"Android","udid":"RRCT403SG1Y","systemPort":8248},"capabilities":{"firstMatch":[{"appium:appActivity":".Settings","appium:appPackage":"com.android.settings","appium:autoGrantPermissions":true,"appium:automationName":"uiautomator2","deviceId":"RRCT403SG1Y","appium:deviceName":"samsung SM-S908E (Android 13)","appium:newCommandTimeout":1800,"platform":"ANDROID","platformName":"android","appium:platformVersion":"13","appium:systemPort":8248,"appium:udid":"RRCT403SG1Y"}]}}[39m
[35m[BaseDriver][39m The following capabilities are not standard capabilities and should have an extension prefix:
[35m[BaseDriver][39m   deviceId
[35m[BaseDriver][39m   platform
[35m[BaseDriver][39m   chromedriverPort
[35m[Appium][39m Appium v1.22.0 creating new AndroidUiautomator2Driver (v1.69.0) session
[35m[BaseDriver][39m The following capabilities were provided, but are not recognized by Appium:
[35m[BaseDriver][39m   deviceId
[35m[BaseDriver][39m   platform
[35m[BaseDriver][39m Session created with session id: e001e2fb-a420-416e-97f1-8aeca502e564
[35m[UiAutomator2][39m Starting 'com.android.settings' directly on the device
[35m[ADB][39m Found 1 'build-tools' folders under 'C:\Users\mahfu\.katalon\tools\android_sdk' (newest first):
[35m[ADB][39m     C:/Users/mahfu/.katalon/tools/android_sdk/build-tools/29.0.3
[35m[ADB][39m Using 'adb.exe' from 'C:\Users\mahfu\.katalon\tools\android_sdk\platform-tools\adb.exe'
[35m[AndroidDriver][39m Retrieving device list
[35m[AndroidDriver][39m Using device: RRCT403SG1Y
[35m[ADB][39m Using 'adb.exe' from 'C:\Users\mahfu\.katalon\tools\android_sdk\platform-tools\adb.exe'
[35m[ADB][39m Getting device platform version
[35m[UiAutomator2][39m Relaxing hidden api policy
[35m[AndroidDriver][39m No app sent in, not parsing package/activity
[35m[ADB][39m Using 'apksigner.jar' from 'C:\Users\mahfu\.katalon\tools\android_sdk\build-tools\29.0.3\lib\apksigner.jar'
[35m[ADB][39m 'C:\Users\mahfu\AppData\Roaming\npm\node_modules\appium\node_modules\appium-uiautomator2-server\apks\appium-uiautomator2-server-v4.24.0.apk' is signed with the default certificate
[35m[ADB][39m 'C:\Users\mahfu\AppData\Roaming\npm\node_modules\appium\node_modules\appium-uiautomator2-server\apks\appium-uiautomator2-server-debug-androidTest.apk' is signed with the default certificate
[35m[UiAutomator2][39m Server packages are not going to be (re)installed
[35m[ADB][39m Adding packages ["io.appium.settings","io.appium.uiautomator2.server","io.appium.uiautomator2.server.test"] to Doze whitelist
[35m[ADB][39m com.android.settings contains no permissions available for granting
[35m[UiAutomator2][39m Starting UIAutomator2 server 4.24.0
[35m[UiAutomator2][39m Using UIAutomator2 server from 'C:\Users\mahfu\AppData\Roaming\npm\node_modules\appium\node_modules\appium-uiautomator2-server\apks\appium-uiautomator2-server-v4.24.0.apk' and test from 'C:\Users\mahfu\AppData\Roaming\npm\node_modules\appium\node_modules\appium-uiautomator2-server\apks\appium-uiautomator2-server-debug-androidTest.apk'
[35m[UiAutomator2][39m Waiting up to 30000ms for UiAutomator2 to be online...
[35m[WD Proxy][39m socket hang up
[35m[WD Proxy][39m socket hang up
[35m[WD Proxy][39m Determined the downstream protocol as 'W3C'
[35m[AndroidDriver][39m Screen already unlocked, doing nothing
[35m[UiAutomator2][39m Starting 'com.android.settings/.Settings and waiting for 'com.android.settings/.Settings'
[35m[Appium][39m New AndroidUiautomator2Driver session created successfully, session e001e2fb-a420-416e-97f1-8aeca502e564 added to master session list
[35m[HTTP][39m [37m<-- POST /wd/hub/session [39m[32m200[39m [90m6395 ms - 1209[39m
[35m[HTTP][39m [90m[39m
[35m[HTTP][39m [37m-->[39m [37mGET[39m [37m/wd/hub/session/e001e2fb-a420-416e-97f1-8aeca502e564[39m
[35m[HTTP][39m [90m{}[39m
[35m[HTTP][39m [37m<-- GET /wd/hub/session/e001e2fb-a420-416e-97f1-8aeca502e564 [39m[32m200[39m [90m8 ms - 1163[39m
[35m[HTTP][39m [90m[39m
[35m[HTTP][39m [37m-->[39m [37mGET[39m [37m/wd/hub/session/e001e2fb-a420-416e-97f1-8aeca502e564[39m
[35m[HTTP][39m [90m{}[39m
[35m[HTTP][39m [37m<-- GET /wd/hub/session/e001e2fb-a420-416e-97f1-8aeca502e564 [39m[32m200[39m [90m11 ms - 1163[39m
[35m[HTTP][39m [90m[39m
[35m[HTTP][39m [37m-->[39m [37mGET[39m [37m/wd/hub/status[39m
[35m[HTTP][39m [90m{}[39m
[35m[HTTP][39m [37m<-- GET /wd/hub/status [39m[32m200[39m [90m1 ms - 68[39m
[35m[HTTP][39m [90m[39m
[35m[HTTP][39m [37m-->[39m [37mPOST[39m [37m/wd/hub/session/e001e2fb-a420-416e-97f1-8aeca502e564/timeouts[39m
[35m[HTTP][39m [90m{"implicit":60000}[39m
[35m[HTTP][39m [37m<-- POST /wd/hub/session/e001e2fb-a420-416e-97f1-8aeca502e564/timeouts [39m[32m200[39m [90m2 ms - 14[39m
[35m[HTTP][39m [90m[39m
[35m[HTTP][39m [37m-->[39m [37mGET[39m [37m/wd/hub/session/e001e2fb-a420-416e-97f1-8aeca502e564/screenshot[39m
[35m[HTTP][39m [90m{}[39m
[35m[HTTP][39m [37m<-- GET /wd/hub/session/e001e2fb-a420-416e-97f1-8aeca502e564/screenshot [39m[32m200[39m [90m411 ms - 195358[39m
[35m[HTTP][39m [90m[39m
[35m[HTTP][39m [37m-->[39m [37mGET[39m [37m/wd/hub/session/e001e2fb-a420-416e-97f1-8aeca502e564/window/rect[39m
[35m[HTTP][39m [90m{}[39m
[35m[HTTP][39m [37m<-- GET /wd/hub/session/e001e2fb-a420-416e-97f1-8aeca502e564/window/rect [39m[32m200[39m [90m10 ms - 50[39m
[35m[HTTP][39m [90m[39m
[35m[HTTP][39m [37m-->[39m [37mGET[39m [37m/wd/hub/session/e001e2fb-a420-416e-97f1-8aeca502e564/appium/device/system_bars[39m
[35m[HTTP][39m [90m{}[39m
[35m[HTTP][39m [37m<-- GET /wd/hub/session/e001e2fb-a420-416e-97f1-8aeca502e564/appium/device/system_bars [39m[32m200[39m [90m50 ms - 145[39m
[35m[HTTP][39m [90m[39m
[35m[HTTP][39m [37m-->[39m [37mPOST[39m [37m/wd/hub/session/e001e2fb-a420-416e-97f1-8aeca502e564/appium/device/activate_app[39m
[35m[HTTP][39m [90m{"bundleId":"com.amartha.investor"}[39m
[35m[HTTP][39m [37m<-- POST /wd/hub/session/e001e2fb-a420-416e-97f1-8aeca502e564/appium/device/activate_app [39m[32m200[39m [90m258 ms - 14[39m
[35m[HTTP][39m [90m[39m
[35m[HTTP][39m [37m-->[39m [37mGET[39m [37m/wd/hub/session/e001e2fb-a420-416e-97f1-8aeca502e564/source[39m
[35m[HTTP][39m [90m{}[39m
[35m[W3C (e001e2fb)][39m Driver proxy active, passing request on via HTTP proxy
[35m[WD Proxy][39m Replacing sessionId 316665fe-d775-435b-9813-9e738cac9d2b with e001e2fb-a420-416e-97f1-8aeca502e564
[35m[HTTP][39m [37m<-- GET /wd/hub/session/e001e2fb-a420-416e-97f1-8aeca502e564/source [39m[32m200[39m [90m121 ms - 10456[39m
[35m[HTTP][39m [90m[39m
[35m[HTTP][39m [37m-->[39m [37mGET[39m [37m/wd/hub/session/e001e2fb-a420-416e-97f1-8aeca502e564/screenshot[39m
[35m[HTTP][39m [90m{}[39m
[35m[HTTP][39m [37m<-- GET /wd/hub/session/e001e2fb-a420-416e-97f1-8aeca502e564/screenshot [39m[32m200[39m [90m343 ms - 171658[39m
[35m[HTTP][39m [90m[39m
[35m[HTTP][39m [37m-->[39m [37mGET[39m [37m/wd/hub/session/e001e2fb-a420-416e-97f1-8aeca502e564/source[39m
[35m[HTTP][39m [90m{}[39m
[35m[W3C (e001e2fb)][39m Driver proxy active, passing request on via HTTP proxy
[35m[WD Proxy][39m Replacing sessionId 316665fe-d775-435b-9813-9e738cac9d2b with e001e2fb-a420-416e-97f1-8aeca502e564
[35m[HTTP][39m [37m<-- GET /wd/hub/session/e001e2fb-a420-416e-97f1-8aeca502e564/source [39m[32m200[39m [90m102 ms - 9617[39m
[35m[HTTP][39m [90m[39m
[35m[HTTP][39m [37m-->[39m [37mGET[39m [37m/wd/hub/session/e001e2fb-a420-416e-97f1-8aeca502e564/screenshot[39m
[35m[HTTP][39m [90m{}[39m
[35m[HTTP][39m [37m<-- GET /wd/hub/session/e001e2fb-a420-416e-97f1-8aeca502e564/screenshot [39m[32m200[39m [90m355 ms - 172808[39m
[35m[HTTP][39m [90m[39m
[35m[HTTP][39m [37m-->[39m [37mPOST[39m [37m/wd/hub/session/e001e2fb-a420-416e-97f1-8aeca502e564/elements[39m
[35m[HTTP][39m [90m{"using":"xpath","value":"//*[@class = 'android.view.View' and @resource-id = '' and (@text = '' or . = '')]"}[39m
[35m[HTTP][39m [37m<-- POST /wd/hub/session/e001e2fb-a420-416e-97f1-8aeca502e564/elements [39m[32m200[39m [90m157 ms - 1419[39m
[35m[HTTP][39m [90m[39m
[35m[HTTP][39m [37m-->[39m [37mPOST[39m [37m/wd/hub/session/e001e2fb-a420-416e-97f1-8aeca502e564/elements[39m
[35m[HTTP][39m [90m{"using":"accessibility id","value":"Username/Password Salah"}[39m
[35m[HTTP][39m [37m<-- POST /wd/hub/session/e001e2fb-a420-416e-97f1-8aeca502e564/elements [39m[32m200[39m [90m70 ms - 139[39m
[35m[HTTP][39m [90m[39m
[35m[HTTP][39m [37m-->[39m [37mPOST[39m [37m/wd/hub/session/e001e2fb-a420-416e-97f1-8aeca502e564/timeouts[39m
[35m[HTTP][39m [90m{"implicit":1000}[39m
[35m[HTTP][39m [37m<-- POST /wd/hub/session/e001e2fb-a420-416e-97f1-8aeca502e564/timeouts [39m[32m200[39m [90m1 ms - 14[39m
[35m[HTTP][39m [90m[39m
[35m[HTTP][39m [37m-->[39m [37mPOST[39m [37m/wd/hub/session/e001e2fb-a420-416e-97f1-8aeca502e564/elements[39m
[35m[HTTP][39m [90m{"using":"xpath","value":"//*[@class = 'android.view.View' and @resource-id = '' and (@text = '' or . = '')]"}[39m
[35m[HTTP][39m [37m<-- POST /wd/hub/session/e001e2fb-a420-416e-97f1-8aeca502e564/elements [39m[32m200[39m [90m173 ms - 1419[39m
[35m[HTTP][39m [90m[39m
[35m[HTTP][39m [37m-->[39m [37mGET[39m [37m/wd/hub/session/e001e2fb-a420-416e-97f1-8aeca502e564/element/00000000-0000-013e-0000-000000000004/location[39m
[35m[HTTP][39m [90m{}[39m
[35m[W3C (e001e2fb)][39m Driver proxy active, passing request on via HTTP proxy
[35m[WD Proxy][39m Replacing sessionId 316665fe-d775-435b-9813-9e738cac9d2b with e001e2fb-a420-416e-97f1-8aeca502e564
[35m[HTTP][39m [37m<-- GET /wd/hub/session/e001e2fb-a420-416e-97f1-8aeca502e564/element/00000000-0000-013e-0000-000000000004/location [39m[32m200[39m [90m20 ms - 74[39m
[35m[HTTP][39m [90m[39m
[35m[HTTP][39m [37m-->[39m [37mGET[39m [37m/wd/hub/session/e001e2fb-a420-416e-97f1-8aeca502e564/element/00000000-0000-013e-0000-000000000004/size[39m
[35m[HTTP][39m [90m{}[39m
[35m[W3C (e001e2fb)][39m Driver proxy active, passing request on via HTTP proxy
[35m[WD Proxy][39m Replacing sessionId 316665fe-d775-435b-9813-9e738cac9d2b with e001e2fb-a420-416e-97f1-8aeca502e564
[35m[HTTP][39m [37m<-- GET /wd/hub/session/e001e2fb-a420-416e-97f1-8aeca502e564/element/00000000-0000-013e-0000-000000000004/size [39m[32m200[39m [90m19 ms - 89[39m
[35m[HTTP][39m [90m[39m
[35m[HTTP][39m [37m-->[39m [37mGET[39m [37m/wd/hub/session/e001e2fb-a420-416e-97f1-8aeca502e564/element/00000000-0000-013e-0000-004700000004/location[39m
[35m[HTTP][39m [90m{}[39m
[35m[W3C (e001e2fb)][39m Driver proxy active, passing request on via HTTP proxy
[35m[WD Proxy][39m Replacing sessionId 316665fe-d775-435b-9813-9e738cac9d2b with e001e2fb-a420-416e-97f1-8aeca502e564
[35m[HTTP][39m [37m<-- GET /wd/hub/session/e001e2fb-a420-416e-97f1-8aeca502e564/element/00000000-0000-013e-0000-004700000004/location [39m[32m200[39m [90m20 ms - 74[39m
[35m[HTTP][39m [90m[39m
[35m[HTTP][39m [37m-->[39m [37mGET[39m [37m/wd/hub/session/e001e2fb-a420-416e-97f1-8aeca502e564/element/00000000-0000-013e-0000-004700000004/size[39m
[35m[HTTP][39m [90m{}[39m
[35m[W3C (e001e2fb)][39m Driver proxy active, passing request on via HTTP proxy
[35m[WD Proxy][39m Replacing sessionId 316665fe-d775-435b-9813-9e738cac9d2b with e001e2fb-a420-416e-97f1-8aeca502e564
[35m[HTTP][39m [37m<-- GET /wd/hub/session/e001e2fb-a420-416e-97f1-8aeca502e564/element/00000000-0000-013e-0000-004700000004/size [39m[32m200[39m [90m24 ms - 89[39m
[35m[HTTP][39m [90m[39m
[35m[HTTP][39m [37m-->[39m [37mGET[39m [37m/wd/hub/session/e001e2fb-a420-416e-97f1-8aeca502e564/element/00000000-0000-013e-0000-004800000004/location[39m
[35m[HTTP][39m [90m{}[39m
[35m[W3C (e001e2fb)][39m Driver proxy active, passing request on via HTTP proxy
[35m[WD Proxy][39m Replacing sessionId 316665fe-d775-435b-9813-9e738cac9d2b with e001e2fb-a420-416e-97f1-8aeca502e564
[35m[HTTP][39m [37m<-- GET /wd/hub/session/e001e2fb-a420-416e-97f1-8aeca502e564/element/00000000-0000-013e-0000-004800000004/location [39m[32m200[39m [90m28 ms - 74[39m
[35m[HTTP][39m [90m[39m
[35m[HTTP][39m [37m-->[39m [37mGET[39m [37m/wd/hub/session/e001e2fb-a420-416e-97f1-8aeca502e564/element/00000000-0000-013e-0000-004800000004/size[39m
[35m[HTTP][39m [90m{}[39m
[35m[W3C (e001e2fb)][39m Driver proxy active, passing request on via HTTP proxy
[35m[WD Proxy][39m Replacing sessionId 316665fe-d775-435b-9813-9e738cac9d2b with e001e2fb-a420-416e-97f1-8aeca502e564
[35m[HTTP][39m [37m<-- GET /wd/hub/session/e001e2fb-a420-416e-97f1-8aeca502e564/element/00000000-0000-013e-0000-004800000004/size [39m[32m200[39m [90m25 ms - 89[39m
[35m[HTTP][39m [90m[39m
[35m[HTTP][39m [37m-->[39m [37mGET[39m [37m/wd/hub/session/e001e2fb-a420-416e-97f1-8aeca502e564/element/00000000-0000-013e-0000-004900000004/location[39m
[35m[HTTP][39m [90m{}[39m
[35m[W3C (e001e2fb)][39m Driver proxy active, passing request on via HTTP proxy
[35m[WD Proxy][39m Replacing sessionId 316665fe-d775-435b-9813-9e738cac9d2b with e001e2fb-a420-416e-97f1-8aeca502e564
[35m[HTTP][39m [37m<-- GET /wd/hub/session/e001e2fb-a420-416e-97f1-8aeca502e564/element/00000000-0000-013e-0000-004900000004/location [39m[32m200[39m [90m31 ms - 74[39m
[35m[HTTP][39m [90m[39m
[35m[HTTP][39m [37m-->[39m [37mGET[39m [37m/wd/hub/session/e001e2fb-a420-416e-97f1-8aeca502e564/element/00000000-0000-013e-0000-004900000004/size[39m
[35m[HTTP][39m [90m{}[39m
[35m[W3C (e001e2fb)][39m Driver proxy active, passing request on via HTTP proxy
[35m[WD Proxy][39m Replacing sessionId 316665fe-d775-435b-9813-9e738cac9d2b with e001e2fb-a420-416e-97f1-8aeca502e564
[35m[HTTP][39m [37m<-- GET /wd/hub/session/e001e2fb-a420-416e-97f1-8aeca502e564/element/00000000-0000-013e-0000-004900000004/size [39m[32m200[39m [90m27 ms - 89[39m
[35m[HTTP][39m [90m[39m
[35m[HTTP][39m [37m-->[39m [37mGET[39m [37m/wd/hub/session/e001e2fb-a420-416e-97f1-8aeca502e564/element/00000000-0000-013e-0000-004a00000004/location[39m
[35m[HTTP][39m [90m{}[39m
[35m[W3C (e001e2fb)][39m Driver proxy active, passing request on via HTTP proxy
[35m[WD Proxy][39m Replacing sessionId 316665fe-d775-435b-9813-9e738cac9d2b with e001e2fb-a420-416e-97f1-8aeca502e564
[35m[HTTP][39m [37m<-- GET /wd/hub/session/e001e2fb-a420-416e-97f1-8aeca502e564/element/00000000-0000-013e-0000-004a00000004/location [39m[32m200[39m [90m24 ms - 74[39m
[35m[HTTP][39m [90m[39m
[35m[HTTP][39m [37m-->[39m [37mGET[39m [37m/wd/hub/session/e001e2fb-a420-416e-97f1-8aeca502e564/element/00000000-0000-013e-0000-004a00000004/size[39m
[35m[HTTP][39m [90m{}[39m
[35m[W3C (e001e2fb)][39m Driver proxy active, passing request on via HTTP proxy
[35m[WD Proxy][39m Replacing sessionId 316665fe-d775-435b-9813-9e738cac9d2b with e001e2fb-a420-416e-97f1-8aeca502e564
[35m[HTTP][39m [37m<-- GET /wd/hub/session/e001e2fb-a420-416e-97f1-8aeca502e564/element/00000000-0000-013e-0000-004a00000004/size [39m[32m200[39m [90m25 ms - 89[39m
[35m[HTTP][39m [90m[39m
[35m[HTTP][39m [37m-->[39m [37mGET[39m [37m/wd/hub/session/e001e2fb-a420-416e-97f1-8aeca502e564/element/00000000-0000-013e-0000-004c00000004/location[39m
[35m[HTTP][39m [90m{}[39m
[35m[W3C (e001e2fb)][39m Driver proxy active, passing request on via HTTP proxy
[35m[WD Proxy][39m Replacing sessionId 316665fe-d775-435b-9813-9e738cac9d2b with e001e2fb-a420-416e-97f1-8aeca502e564
[35m[HTTP][39m [37m<-- GET /wd/hub/session/e001e2fb-a420-416e-97f1-8aeca502e564/element/00000000-0000-013e-0000-004c00000004/location [39m[32m200[39m [90m27 ms - 77[39m
[35m[HTTP][39m [90m[39m
[35m[HTTP][39m [37m-->[39m [37mGET[39m [37m/wd/hub/session/e001e2fb-a420-416e-97f1-8aeca502e564/element/00000000-0000-013e-0000-004c00000004/size[39m
[35m[HTTP][39m [90m{}[39m
[35m[W3C (e001e2fb)][39m Driver proxy active, passing request on via HTTP proxy
[35m[WD Proxy][39m Replacing sessionId 316665fe-d775-435b-9813-9e738cac9d2b with e001e2fb-a420-416e-97f1-8aeca502e564
[35m[HTTP][39m [37m<-- GET /wd/hub/session/e001e2fb-a420-416e-97f1-8aeca502e564/element/00000000-0000-013e-0000-004c00000004/size [39m[32m200[39m [90m29 ms - 86[39m
[35m[HTTP][39m [90m[39m
[35m[HTTP][39m [37m-->[39m [37mGET[39m [37m/wd/hub/session/e001e2fb-a420-416e-97f1-8aeca502e564/element/00000000-0000-013e-0000-004d00000004/location[39m
[35m[HTTP][39m [90m{}[39m
[35m[W3C (e001e2fb)][39m Driver proxy active, passing request on via HTTP proxy
[35m[WD Proxy][39m Replacing sessionId 316665fe-d775-435b-9813-9e738cac9d2b with e001e2fb-a420-416e-97f1-8aeca502e564
[35m[HTTP][39m [37m<-- GET /wd/hub/session/e001e2fb-a420-416e-97f1-8aeca502e564/element/00000000-0000-013e-0000-004d00000004/location [39m[32m200[39m [90m26 ms - 78[39m
[35m[HTTP][39m [90m[39m
[35m[HTTP][39m [37m-->[39m [37mGET[39m [37m/wd/hub/session/e001e2fb-a420-416e-97f1-8aeca502e564/element/00000000-0000-013e-0000-004d00000004/size[39m
[35m[HTTP][39m [90m{}[39m
[35m[W3C (e001e2fb)][39m Driver proxy active, passing request on via HTTP proxy
[35m[WD Proxy][39m Replacing sessionId 316665fe-d775-435b-9813-9e738cac9d2b with e001e2fb-a420-416e-97f1-8aeca502e564
[35m[HTTP][39m [37m<-- GET /wd/hub/session/e001e2fb-a420-416e-97f1-8aeca502e564/element/00000000-0000-013e-0000-004d00000004/size [39m[32m200[39m [90m25 ms - 86[39m
[35m[HTTP][39m [90m[39m
[35m[HTTP][39m [37m-->[39m [37mGET[39m [37m/wd/hub/session/e001e2fb-a420-416e-97f1-8aeca502e564/element/00000000-0000-013e-0000-004e00000004/location[39m
[35m[HTTP][39m [90m{}[39m
[35m[W3C (e001e2fb)][39m Driver proxy active, passing request on via HTTP proxy
[35m[WD Proxy][39m Replacing sessionId 316665fe-d775-435b-9813-9e738cac9d2b with e001e2fb-a420-416e-97f1-8aeca502e564
[35m[HTTP][39m [37m<-- GET /wd/hub/session/e001e2fb-a420-416e-97f1-8aeca502e564/element/00000000-0000-013e-0000-004e00000004/location [39m[32m200[39m [90m25 ms - 78[39m
[35m[HTTP][39m [90m[39m
[35m[HTTP][39m [37m-->[39m [37mGET[39m [37m/wd/hub/session/e001e2fb-a420-416e-97f1-8aeca502e564/element/00000000-0000-013e-0000-004e00000004/size[39m
[35m[HTTP][39m [90m{}[39m
[35m[W3C (e001e2fb)][39m Driver proxy active, passing request on via HTTP proxy
[35m[WD Proxy][39m Replacing sessionId 316665fe-d775-435b-9813-9e738cac9d2b with e001e2fb-a420-416e-97f1-8aeca502e564
[35m[HTTP][39m [37m<-- GET /wd/hub/session/e001e2fb-a420-416e-97f1-8aeca502e564/element/00000000-0000-013e-0000-004e00000004/size [39m[32m200[39m [90m24 ms - 85[39m
[35m[HTTP][39m [90m[39m
[35m[HTTP][39m [37m-->[39m [37mGET[39m [37m/wd/hub/session/e001e2fb-a420-416e-97f1-8aeca502e564/element/00000000-0000-013e-0000-005200000004/location[39m
[35m[HTTP][39m [90m{}[39m
[35m[W3C (e001e2fb)][39m Driver proxy active, passing request on via HTTP proxy
[35m[WD Proxy][39m Replacing sessionId 316665fe-d775-435b-9813-9e738cac9d2b with e001e2fb-a420-416e-97f1-8aeca502e564
[35m[HTTP][39m [37m<-- GET /wd/hub/session/e001e2fb-a420-416e-97f1-8aeca502e564/element/00000000-0000-013e-0000-005200000004/location [39m[32m200[39m [90m29 ms - 78[39m
[35m[HTTP][39m [90m[39m
[35m[HTTP][39m [37m-->[39m [37mGET[39m [37m/wd/hub/session/e001e2fb-a420-416e-97f1-8aeca502e564/element/00000000-0000-013e-0000-005200000004/size[39m
[35m[HTTP][39m [90m{}[39m
[35m[W3C (e001e2fb)][39m Driver proxy active, passing request on via HTTP proxy
[35m[WD Proxy][39m Replacing sessionId 316665fe-d775-435b-9813-9e738cac9d2b with e001e2fb-a420-416e-97f1-8aeca502e564
[35m[HTTP][39m [37m<-- GET /wd/hub/session/e001e2fb-a420-416e-97f1-8aeca502e564/element/00000000-0000-013e-0000-005200000004/size [39m[32m200[39m [90m29 ms - 86[39m
[35m[HTTP][39m [90m[39m
[35m[HTTP][39m [37m-->[39m [37mGET[39m [37m/wd/hub/session/e001e2fb-a420-416e-97f1-8aeca502e564/element/00000000-0000-013e-0000-005300000004/location[39m
[35m[HTTP][39m [90m{}[39m
[35m[W3C (e001e2fb)][39m Driver proxy active, passing request on via HTTP proxy
[35m[WD Proxy][39m Replacing sessionId 316665fe-d775-435b-9813-9e738cac9d2b with e001e2fb-a420-416e-97f1-8aeca502e564
[35m[HTTP][39m [37m<-- GET /wd/hub/session/e001e2fb-a420-416e-97f1-8aeca502e564/element/00000000-0000-013e-0000-005300000004/location [39m[32m200[39m [90m25 ms - 79[39m
[35m[HTTP][39m [90m[39m
[35m[HTTP][39m [37m-->[39m [37mGET[39m [37m/wd/hub/session/e001e2fb-a420-416e-97f1-8aeca502e564/element/00000000-0000-013e-0000-005300000004/size[39m
[35m[HTTP][39m [90m{}[39m
[35m[W3C (e001e2fb)][39m Driver proxy active, passing request on via HTTP proxy
[35m[WD Proxy][39m Replacing sessionId 316665fe-d775-435b-9813-9e738cac9d2b with e001e2fb-a420-416e-97f1-8aeca502e564
[35m[HTTP][39m [37m<-- GET /wd/hub/session/e001e2fb-a420-416e-97f1-8aeca502e564/element/00000000-0000-013e-0000-005300000004/size [39m[32m200[39m [90m23 ms - 86[39m
[35m[HTTP][39m [90m[39m
[35m[HTTP][39m [37m-->[39m [37mGET[39m [37m/wd/hub/session/e001e2fb-a420-416e-97f1-8aeca502e564/element/00000000-0000-013e-0000-005600000004/location[39m
[35m[HTTP][39m [90m{}[39m
[35m[W3C (e001e2fb)][39m Driver proxy active, passing request on via HTTP proxy
[35m[WD Proxy][39m Replacing sessionId 316665fe-d775-435b-9813-9e738cac9d2b with e001e2fb-a420-416e-97f1-8aeca502e564
[35m[HTTP][39m [37m<-- GET /wd/hub/session/e001e2fb-a420-416e-97f1-8aeca502e564/element/00000000-0000-013e-0000-005600000004/location [39m[32m200[39m [90m23 ms - 79[39m
[35m[HTTP][39m [90m[39m
[35m[HTTP][39m [37m-->[39m [37mGET[39m [37m/wd/hub/session/e001e2fb-a420-416e-97f1-8aeca502e564/element/00000000-0000-013e-0000-005600000004/size[39m
[35m[HTTP][39m [90m{}[39m
[35m[W3C (e001e2fb)][39m Driver proxy active, passing request on via HTTP proxy
[35m[WD Proxy][39m Replacing sessionId 316665fe-d775-435b-9813-9e738cac9d2b with e001e2fb-a420-416e-97f1-8aeca502e564
[35m[HTTP][39m [37m<-- GET /wd/hub/session/e001e2fb-a420-416e-97f1-8aeca502e564/element/00000000-0000-013e-0000-005600000004/size [39m[32m200[39m [90m23 ms - 86[39m
[35m[HTTP][39m [90m[39m
[35m[HTTP][39m [37m-->[39m [37mPOST[39m [37m/wd/hub/session/e001e2fb-a420-416e-97f1-8aeca502e564/timeouts[39m
[35m[HTTP][39m [90m{"implicit":1000}[39m
[35m[HTTP][39m [37m<-- POST /wd/hub/session/e001e2fb-a420-416e-97f1-8aeca502e564/timeouts [39m[32m200[39m [90m1 ms - 14[39m
[35m[HTTP][39m [90m[39m
[35m[HTTP][39m [37m-->[39m [37mPOST[39m [37m/wd/hub/session/e001e2fb-a420-416e-97f1-8aeca502e564/elements[39m
[35m[HTTP][39m [90m{"using":"accessibility id","value":"Username/Password Salah"}[39m
[35m[HTTP][39m [37m<-- POST /wd/hub/session/e001e2fb-a420-416e-97f1-8aeca502e564/elements [39m[32m200[39m [90m111 ms - 139[39m
[35m[HTTP][39m [90m[39m
[35m[HTTP][39m [37m-->[39m [37mGET[39m [37m/wd/hub/session/e001e2fb-a420-416e-97f1-8aeca502e564/element/00000000-0000-013e-0000-004d00000004/location[39m
[35m[HTTP][39m [90m{}[39m
[35m[W3C (e001e2fb)][39m Driver proxy active, passing request on via HTTP proxy
[35m[WD Proxy][39m Replacing sessionId 316665fe-d775-435b-9813-9e738cac9d2b with e001e2fb-a420-416e-97f1-8aeca502e564
[35m[HTTP][39m [37m<-- GET /wd/hub/session/e001e2fb-a420-416e-97f1-8aeca502e564/element/00000000-0000-013e-0000-004d00000004/location [39m[32m200[39m [90m35 ms - 78[39m
[35m[HTTP][39m [90m[39m
[35m[HTTP][39m [37m-->[39m [37mGET[39m [37m/wd/hub/session/e001e2fb-a420-416e-97f1-8aeca502e564/element/00000000-0000-013e-0000-004d00000004/size[39m
[35m[HTTP][39m [90m{}[39m
[35m[W3C (e001e2fb)][39m Driver proxy active, passing request on via HTTP proxy
[35m[WD Proxy][39m Replacing sessionId 316665fe-d775-435b-9813-9e738cac9d2b with e001e2fb-a420-416e-97f1-8aeca502e564
[35m[HTTP][39m [37m<-- GET /wd/hub/session/e001e2fb-a420-416e-97f1-8aeca502e564/element/00000000-0000-013e-0000-004d00000004/size [39m[32m200[39m [90m31 ms - 86[39m
[35m[HTTP][39m [90m[39m
[35m[HTTP][39m [37m-->[39m [37mPOST[39m [37m/wd/hub/session/e001e2fb-a420-416e-97f1-8aeca502e564/timeouts[39m
[35m[HTTP][39m [90m{"implicit":1000}[39m
[35m[HTTP][39m [37m<-- POST /wd/hub/session/e001e2fb-a420-416e-97f1-8aeca502e564/timeouts [39m[32m200[39m [90m1 ms - 14[39m
[35m[HTTP][39m [90m[39m
[35m[HTTP][39m [37m-->[39m [37mPOST[39m [37m/wd/hub/session/e001e2fb-a420-416e-97f1-8aeca502e564/elements[39m
[35m[HTTP][39m [90m{"using":"xpath","value":"//hierarchy/android.widget.FrameLayout[1]/android.widget.LinearLayout[1]/android.widget.FrameLayout[1]/android.widget.FrameLayout[1]/android.widget.FrameLayout[1]/android.view.View[1]/android.view.View[1]/android.view.View[1]/android.view.View[1]/android.view.View[1]/android.view.View[2]"}[39m
[35m[HTTP][39m [37m<-- POST /wd/hub/session/e001e2fb-a420-416e-97f1-8aeca502e564/elements [39m[32m200[39m [90m163 ms - 139[39m
[35m[HTTP][39m [90m[39m
[35m[HTTP][39m [37m-->[39m [37mGET[39m [37m/wd/hub/session/e001e2fb-a420-416e-97f1-8aeca502e564/element/00000000-0000-013e-0000-004d00000004/location[39m
[35m[HTTP][39m [90m{}[39m
[35m[W3C (e001e2fb)][39m Driver proxy active, passing request on via HTTP proxy
[35m[WD Proxy][39m Replacing sessionId 316665fe-d775-435b-9813-9e738cac9d2b with e001e2fb-a420-416e-97f1-8aeca502e564
[35m[HTTP][39m [37m<-- GET /wd/hub/session/e001e2fb-a420-416e-97f1-8aeca502e564/element/00000000-0000-013e-0000-004d00000004/location [39m[32m200[39m [90m17 ms - 78[39m
[35m[HTTP][39m [90m[39m
[35m[HTTP][39m [37m-->[39m [37mGET[39m [37m/wd/hub/session/e001e2fb-a420-416e-97f1-8aeca502e564/element/00000000-0000-013e-0000-004d00000004/size[39m
[35m[HTTP][39m [90m{}[39m
[35m[W3C (e001e2fb)][39m Driver proxy active, passing request on via HTTP proxy
[35m[WD Proxy][39m Replacing sessionId 316665fe-d775-435b-9813-9e738cac9d2b with e001e2fb-a420-416e-97f1-8aeca502e564
[35m[HTTP][39m [37m<-- GET /wd/hub/session/e001e2fb-a420-416e-97f1-8aeca502e564/element/00000000-0000-013e-0000-004d00000004/size [39m[32m200[39m [90m17 ms - 86[39m
[35m[HTTP][39m [90m[39m
[35m[HTTP][39m [37m-->[39m [37mDELETE[39m [37m/wd/hub/session/e001e2fb-a420-416e-97f1-8aeca502e564[39m
[35m[HTTP][39m [90m{}[39m
[35m[Appium][39m Removing session e001e2fb-a420-416e-97f1-8aeca502e564 from our master session list
[35m[UiAutomator2][39m Restoring hidden api policy to the device default configuration
[35m[HTTP][39m [37m<-- DELETE /wd/hub/session/e001e2fb-a420-416e-97f1-8aeca502e564 [39m[32m200[39m [90m343 ms - 14[39m
[35m[HTTP][39m [90m[39m
